<?xml version="1.0" encoding="UTF-8"?>
<!-- Generated by org.testng.reporters.JUnitXMLReporter -->
<testsuite ignored="0" hostname="Bikash" failures="0" tests="3" name="LoginTest" time="30.879" errors="0" timestamp="22 May 2020 14:45:50 GMT">
  <testcase classname="com_TestCase_Admin.CustomerSearchTest" name="customerPageValidation" time="12.096"/>
  <testcase classname="com_TestCase_Admin.CustomerSearchTest" name="searchByemailValidation" time="4.866"/>
  <testcase classname="com_TestCase_Admin.CustomerSearchTest" name="searchByName" time="4.447"/>
</testsuite> <!-- LoginTest -->
